<?xml version="1.0" encoding="UTF-8"?>
<testng-results skipped="0" failed="0" total="0" passed="0">
  <reporter-output>
  </reporter-output>
  <suite name="com.test.mytest.testjdi015.pages.HomePageTest" duration-ms="2" started-at="2016-05-26T15:06:34Z" finished-at="2016-05-26T15:06:34Z">
    <groups>
    </groups>
    <test name="Command line test" duration-ms="2" started-at="2016-05-26T15:06:34Z" finished-at="2016-05-26T15:06:34Z">
    </test> <!-- Command line test -->
  </suite> <!-- com.test.mytest.testjdi015.pages.HomePageTest -->
</testng-results>
